*** Using Compiler 'V5.06 update 7 (build 960)', folder: 'd:\Keil_v5\ARM\ARMCC\Bin'
Build target 'dm_h7_demo'
compiling robot_cmd.c...
..\application\robot_cmd.c(1155): warning:  #1035-D: single-precision operand implicitly converted to double-precision
          target_angle4               = -PI / 2 - 0.08;
..\application\robot_cmd.c(1243): warning:  #1035-D: single-precision operand implicitly converted to double-precision
  				target_angle4               = -PI / 2 - 0.08;
..\application\robot_cmd.c(1453): warning:  #1035-D: single-precision operand implicitly converted to double-precision
  	if(max_motor.para.pos>1.42&&(target_angle1>temp_angle1))
..\application\robot_cmd.c(1462): warning:  #1035-D: single-precision operand implicitly converted to double-precision
  		if(finesse_motor.para.pos>1.71&&(target_angle3>temp_angle3))
..\application\robot_cmd.c(1447): warning:  #550-D: variable "temp_angle2"  was set but never used
  	static float temp_angle2;
..\application\robot_cmd.c(1625): warning:  #1-D: last line of file ends without a newline
  //如果在算法库中直接return后就可以跳过错误的值而不执行
..\application\robot_cmd.c(19): warning:  #177-D: variable "debug_count"  was declared but never referenced
  static unsigned int debug_count = 0;
..\application\robot_cmd.c(351): warning:  #177-D: function "VisionContorl"  was declared but never referenced
  static void VisionContorl(void)
..\application\robot_cmd.c(362): warning:  #177-D: function "VideoControlSet"  was declared but never referenced
  static void VideoControlSet(void)
..\application\robot_cmd.c: 9 warnings, 0 errors
linking...
Program Size: Code=88690 RO-data=2566 RW-data=2488 ZI-data=72376  
FromELF: creating hex file...
"dm_h7_demo\dm_h7_demo.axf" - 0 Error(s), 9 Warning(s).
Build Time Elapsed:  00:00:05
